I, [2015-09-01T02:21:09.531691 #3160]  INFO -- default-ubuntu-1404: -----> Converging <default-ubuntu-1404>...
I, [2015-09-01T02:21:09.577363 #3160]  INFO -- default-ubuntu-1404: Preparing files for transfer
I, [2015-09-01T02:21:09.577506 #3160]  INFO -- default-ubuntu-1404: Preparing dna.json
I, [2015-09-01T02:21:09.578122 #3160]  INFO -- default-ubuntu-1404: Preparing current project directory as a cookbook
I, [2015-09-01T02:21:09.582992 #3160]  INFO -- default-ubuntu-1404: Removing non-cookbook files before transfer
I, [2015-09-01T02:21:09.701292 #3160]  INFO -- default-ubuntu-1404: Preparing solo.rb
I, [2015-09-01T02:21:09.791420 #3160]  INFO -- default-ubuntu-1404: -----> Chef Omnibus installation detected (install only if missing)
I, [2015-09-01T02:21:09.804735 #3160]  INFO -- default-ubuntu-1404: Transferring files to <default-ubuntu-1404>
I, [2015-09-01T02:21:10.868738 #3160]  INFO -- default-ubuntu-1404: Starting Chef Client, version 12.4.1
I, [2015-09-01T02:21:17.051202 #3160]  INFO -- default-ubuntu-1404: Compiling Cookbooks...
I, [2015-09-01T02:21:17.054370 #3160]  INFO -- default-ubuntu-1404: Converging 3 resources
I, [2015-09-01T02:21:17.054919 #3160]  INFO -- default-ubuntu-1404: Recipe: dummy::default
I, [2015-09-01T02:21:17.056004 #3160]  INFO -- default-ubuntu-1404:   * service[ssh] action nothing (skipped due to action :nothing)
I, [2015-09-01T02:21:17.057909 #3160]  INFO -- default-ubuntu-1404:   * file[/var/hoge] action create
I, [2015-09-01T02:21:17.059050 #3160]  INFO -- default-ubuntu-1404:     - create new file /var/hoge
I, [2015-09-01T02:21:17.060748 #3160]  INFO -- default-ubuntu-1404:   * file[/var/hoge2] action create (up to date)
I, [2015-09-01T02:21:17.099343 #3160]  INFO -- default-ubuntu-1404:   * service[ssh] action restart
I, [2015-09-01T02:21:17.100292 #3160]  INFO -- default-ubuntu-1404:     - restart service service[ssh]
I, [2015-09-01T02:21:17.100668 #3160]  INFO -- default-ubuntu-1404: 
I, [2015-09-01T02:21:17.101140 #3160]  INFO -- default-ubuntu-1404: Running handlers:
I, [2015-09-01T02:21:17.103769 #3160]  INFO -- default-ubuntu-1404: Running handlers complete
I, [2015-09-01T02:21:17.104056 #3160]  INFO -- default-ubuntu-1404: Chef Client finished, 2/3 resources updated in 6.235442699 seconds
I, [2015-09-01T02:21:17.221797 #3160]  INFO -- default-ubuntu-1404: Finished converging <default-ubuntu-1404> (0m7.64s).
